{
  message: 'Listening on port 3000...',
  level: 'info',
  timestamp: '2021-07-19 16:16:41'
}
{
  message: 'Connected to MongoDB...',
  level: 'info',
  timestamp: '2021-07-19 16:16:41'
}
{
  message: 'Listening on port 3000...',
  level: 'info',
  timestamp: '2021-07-20 09:30:04'
}
{
  service: 'user-service',
  message: "Could not connect to any servers in your MongoDB Atlas cluster. One common reason is that you're trying to access the database from an IP that isn't whitelisted. Make sure your current IP address is on your Atlas cluster's IP whitelist: https://docs.atlas.mongodb.com/security-whitelist/ Could not connect to any servers in your MongoDB Atlas cluster. One common reason is that you're trying to access the database from an IP that isn't whitelisted. Make sure your current IP address is on your Atlas cluster's IP whitelist: https://docs.atlas.mongodb.com/security-whitelist/",
  reason: TopologyDescription {
    type: 'ReplicaSetNoPrimary',
    setName: null,
    maxSetVersion: null,
    maxElectionId: null,
    servers: Map(3) {
      'cluster0-shard-00-02.ktw8o.mongodb.net:27017' => ServerDescription {
        address: 'cluster0-shard-00-02.ktw8o.mongodb.net:27017',
        error: MongoNetworkError: connection <monitor> to 52.51.187.191:27017 closed
            at Connection.handleIssue (C:\Users\cwcha\book-backend\node_modules\mongodb\lib\cmap\connection.js:129:15)
            at TLSSocket.<anonymous> (C:\Users\cwcha\book-backend\node_modules\mongodb\lib\cmap\connection.js:62:35)
            at TLSSocket.emit (events.js:376:20)
            at net.js:673:12
            at TCP.done (_tls_wrap.js:563:7),
        roundTripTime: -1,
        lastUpdateTime: 56836571,
        lastWriteDate: null,
        opTime: null,
        type: 'Unknown',
        topologyVersion: undefined,
        minWireVersion: 0,
        maxWireVersion: 0,
        hosts: [],
        passives: [],
        arbiters: [],
        tags: []
      },
      'cluster0-shard-00-01.ktw8o.mongodb.net:27017' => ServerDescription {
        address: 'cluster0-shard-00-01.ktw8o.mongodb.net:27017',
        error: MongoNetworkError: connection <monitor> to 34.249.137.78:27017 closed
            at Connection.handleIssue (C:\Users\cwcha\book-backend\node_modules\mongodb\lib\cmap\connection.js:129:15)
            at TLSSocket.<anonymous> (C:\Users\cwcha\book-backend\node_modules\mongodb\lib\cmap\connection.js:62:35)
            at TLSSocket.emit (events.js:376:20)
            at net.js:673:12
            at TCP.done (_tls_wrap.js:563:7),
        roundTripTime: -1,
        lastUpdateTime: 56837181,
        lastWriteDate: null,
        opTime: null,
        type: 'Unknown',
        topologyVersion: undefined,
        minWireVersion: 0,
        maxWireVersion: 0,
        hosts: [],
        passives: [],
        arbiters: [],
        tags: []
      },
      'cluster0-shard-00-00.ktw8o.mongodb.net:27017' => ServerDescription {
        address: 'cluster0-shard-00-00.ktw8o.mongodb.net:27017',
        error: MongoNetworkError: connection <monitor> to 18.202.205.114:27017 closed
            at Connection.handleIssue (C:\Users\cwcha\book-backend\node_modules\mongodb\lib\cmap\connection.js:129:15)
            at TLSSocket.<anonymous> (C:\Users\cwcha\book-backend\node_modules\mongodb\lib\cmap\connection.js:62:35)
            at TLSSocket.emit (events.js:376:20)
            at net.js:673:12
            at TCP.done (_tls_wrap.js:563:7),
        roundTripTime: -1,
        lastUpdateTime: 56837245,
        lastWriteDate: null,
        opTime: null,
        type: 'Unknown',
        topologyVersion: undefined,
        minWireVersion: 0,
        maxWireVersion: 0,
        hosts: [],
        passives: [],
        arbiters: [],
        tags: []
      }
    },
    stale: false,
    compatible: true,
    compatibilityError: null,
    logicalSessionTimeoutMinutes: null,
    heartbeatFrequencyMS: 10000,
    localThresholdMS: 15,
    commonWireVersion: null
  },
  level: 'error',
  stack: "MongooseServerSelectionError: Could not connect to any servers in your MongoDB Atlas cluster. One common reason is that you're trying to access the database from an IP that isn't whitelisted. Make sure your current IP address is on your Atlas cluster's IP whitelist: https://docs.atlas.mongodb.com/security-whitelist/\n" +
    '    at NativeConnection.Connection.openUri (C:\\Users\\cwcha\\book-backend\\node_modules\\mongoose\\lib\\connection.js:846:32)\n' +
    '    at C:\\Users\\cwcha\\book-backend\\node_modules\\mongoose\\lib\\index.js:351:10\n' +
    '    at C:\\Users\\cwcha\\book-backend\\node_modules\\mongoose\\lib\\helpers\\promiseOrCallback.js:32:5\n' +
    '    at new Promise (<anonymous>)\n' +
    '    at promiseOrCallback (C:\\Users\\cwcha\\book-backend\\node_modules\\mongoose\\lib\\helpers\\promiseOrCallback.js:31:10)\n' +
    '    at Mongoose._promiseOrCallback (C:\\Users\\cwcha\\book-backend\\node_modules\\mongoose\\lib\\index.js:1149:10)\n' +
    '    at Mongoose.connect (C:\\Users\\cwcha\\book-backend\\node_modules\\mongoose\\lib\\index.js:350:20)\n' +
    '    at module.exports (C:\\Users\\cwcha\\book-backend\\startup\\database.js:13:6)\n' +
    '    at Object.<anonymous> (C:\\Users\\cwcha\\book-backend\\app.js:15:30)\n' +
    '    at Module._compile (internal/modules/cjs/loader.js:1068:30)\n' +
    '    at Object.Module._extensions..js (internal/modules/cjs/loader.js:1097:10)\n' +
    '    at Module.load (internal/modules/cjs/loader.js:933:32)\n' +
    '    at Function.Module._load (internal/modules/cjs/loader.js:774:14)\n' +
    '    at Function.executeUserEntryPoint [as runMain] (internal/modules/run_main.js:72:12)\n' +
    '    at internal/main/run_main_module.js:17:47',
  timestamp: '2021-07-20 09:30:35'
}
{
  message: 'Listening on port 3000...',
  level: 'info',
  timestamp: '2021-07-20 09:38:46'
}
